14:29:47.118 [QUIET] [system.out] [36m___________________________________________  
14:29:47.134 [QUIET] [system.out] 	Username: som@congizant.com           
14:29:47.134 [QUIET] [system.out] 	Login type: login
14:29:47.134 [QUIET] [system.out] ___________________________________________  
14:29:47.149 [QUIET] [system.out] [0m
14:29:47.149 [DEBUG] [org.gradle.api.Task] after show credentials
14:29:47.149 [DEBUG] [org.gradle.api.Task] Finished load credential
14:29:47.165 [DEBUG] [org.gradle.api.Task] Created directory at: D:\software\gradle-2.13\My_Project\build
14:29:48.679 [ERROR] [org.gradle.api.Task] Failed execute task
14:29:48.679 [DEBUG] [org.gradle.api.internal.tasks.execution.ExecuteAtMostOnceTaskExecuter] Finished executing task ':retrieve'
14:29:48.694 [LIFECYCLE] [class org.gradle.TaskExecutionLogger] :retrieve FAILED
14:29:48.694 [INFO] [org.gradle.execution.taskgraph.AbstractTaskPlanExecutor] :retrieve (Thread[main,5,main]) completed. Took 2.059 secs.
14:29:48.694 [DEBUG] [org.gradle.execution.taskgraph.AbstractTaskPlanExecutor] Task worker [Thread[main,5,main]] finished, busy: 2.059 secs, idle: 0.0 secs
14:29:48.710 [ERROR] [org.gradle.BuildExceptionReporter] 
14:29:48.725 [ERROR] [org.gradle.BuildExceptionReporter] FAILURE: Build failed with an exception.
14:29:48.725 [ERROR] [org.gradle.BuildExceptionReporter] 
14:29:48.725 [ERROR] [org.gradle.BuildExceptionReporter] * What went wrong:
14:29:48.741 [ERROR] [org.gradle.BuildExceptionReporter] Execution failed for task ':retrieve'.
14:29:48.741 [ERROR] [org.gradle.BuildExceptionReporter] > Failed to send request to https://login.salesforce.com/services/Soap/u/32.0
14:29:48.741 [ERROR] [org.gradle.BuildExceptionReporter] 
14:29:48.741 [ERROR] [org.gradle.BuildExceptionReporter] * Try:
14:29:48.757 [ERROR] [org.gradle.BuildExceptionReporter] Run with --stacktrace option to get the stack trace. 
14:29:48.757 [LIFECYCLE] [org.gradle.BuildResultLogger] 
14:29:48.757 [LIFECYCLE] [org.gradle.BuildResultLogger] BUILD FAILED
14:29:48.772 [LIFECYCLE] [org.gradle.BuildResultLogger] 
14:29:48.772 [LIFECYCLE] [org.gradle.BuildResultLogger] Total time: 15.229 secs
14:29:48.788 [DEBUG] [org.gradle.cache.internal.DefaultCacheAccess] Cache task history cache (D:\software\gradle-2.13\My_Project\.gradle\2.13\taskArtifacts) was closed 0 times.
14:29:48.788 [DEBUG] [org.gradle.api.internal.artifacts.ivyservice.resolveengine.store.CachedStoreFactory] Resolution result cache closed. Cache reads: 0, disk reads: 0 (avg: 0.0 secs, total: 0.0 secs)
14:29:48.803 [DEBUG] [org.gradle.api.internal.artifacts.ivyservice.resolveengine.store.CachedStoreFactory] Resolution result cache closed. Cache reads: 0, disk reads: 0 (avg: 0.0 secs, total: 0.0 secs)
14:29:48.803 [DEBUG] [org.gradle.api.internal.artifacts.ivyservice.resolveengine.store.ResolutionResultsStoreFactory] Deleted 2 resolution results binary files in 0.015 secs
14:29:48.803 [DEBUG] [org.gradle.api.internal.artifacts.ivyservice.ivyresolve.memcache.InMemoryCachedRepositoryFactory] In-memory dependency metadata cache closed. Repos cached: 3, cache instances: 3, modules served from cache: 0, artifacts: 0
14:29:48.819 [DEBUG] [org.gradle.cache.internal.DefaultCacheAccess] Cache Generated Gradle JARs cache (C:\Users\118223\.gradle\caches\2.13\generated-gradle-jars) was closed 0 times.
14:29:48.819 [DEBUG] [org.gradle.cache.internal.btree.BTreePersistentIndexedCache] Closing cache artifact-at-repository.bin (C:\Users\118223\.gradle\caches\modules-2\metadata-2.16\artifact-at-repository.bin)
14:29:48.819 [DEBUG] [org.gradle.cache.internal.btree.BTreePersistentIndexedCache] Closing cache module-metadata.bin (C:\Users\118223\.gradle\caches\modules-2\metadata-2.16\module-metadata.bin)
14:29:48.835 [DEBUG] [org.gradle.cache.internal.btree.BTreePersistentIndexedCache] Closing cache module-versions.bin (C:\Users\118223\.gradle\caches\modules-2\metadata-2.16\module-versions.bin)
14:29:48.835 [DEBUG] [org.gradle.cache.internal.DefaultFileLockManager] Releasing lock on artifact cache (C:\Users\118223\.gradle\caches\modules-2).
14:29:48.835 [DEBUG] [org.gradle.cache.internal.btree.BTreePersistentIndexedCache] Closing cache plugin-use-metadata.bin (C:\Users\118223\.gradle\caches\2.13\plugin-resolution\plugin-use-metadata.bin)
14:29:48.850 [DEBUG] [org.gradle.cache.internal.DefaultFileLockManager] Releasing lock on Plugin Resolution Cache (C:\Users\118223\.gradle\caches\2.13\plugin-resolution).
