18:41:58.544 [QUIET] [system.out] [36m___________________________________________  
18:41:58.553 [QUIET] [system.out] 	Username: som@congizant.com           
18:41:58.559 [QUIET] [system.out] 	Login type: login
18:41:58.565 [QUIET] [system.out] ___________________________________________  
18:41:58.572 [QUIET] [system.out] [0m
18:41:58.585 [DEBUG] [org.gradle.api.Task] after show credentials
18:41:58.591 [DEBUG] [org.gradle.api.Task] Finished load credential
18:41:58.599 [DEBUG] [org.gradle.api.Task] Created directory at: D:\software\gradle-2.13\My_Project\build
18:42:00.101 [ERROR] [org.gradle.api.Task] Failed execute task
18:42:00.110 [DEBUG] [org.gradle.api.internal.tasks.execution.ExecuteAtMostOnceTaskExecuter] Finished executing task ':retrieve'
18:42:00.115 [LIFECYCLE] [class org.gradle.TaskExecutionLogger] :retrieve FAILED
18:42:00.121 [INFO] [org.gradle.execution.taskgraph.AbstractTaskPlanExecutor] :retrieve (Thread[main,5,main]) completed. Took 2.386 secs.
18:42:00.126 [DEBUG] [org.gradle.execution.taskgraph.AbstractTaskPlanExecutor] Task worker [Thread[main,5,main]] finished, busy: 2.386 secs, idle: 0.005 secs
18:42:00.137 [ERROR] [org.gradle.BuildExceptionReporter] 
18:42:00.143 [ERROR] [org.gradle.BuildExceptionReporter] FAILURE: Build failed with an exception.
18:42:00.149 [ERROR] [org.gradle.BuildExceptionReporter] 
18:42:00.153 [ERROR] [org.gradle.BuildExceptionReporter] * What went wrong:
18:42:00.158 [ERROR] [org.gradle.BuildExceptionReporter] Execution failed for task ':retrieve'.
18:42:00.162 [ERROR] [org.gradle.BuildExceptionReporter] > Failed to send request to https://login.salesforce.com/services/Soap/u/32.0
18:42:00.168 [ERROR] [org.gradle.BuildExceptionReporter] 
18:42:00.172 [ERROR] [org.gradle.BuildExceptionReporter] * Try:
18:42:00.177 [ERROR] [org.gradle.BuildExceptionReporter] Run with --stacktrace option to get the stack trace. 
18:42:00.183 [LIFECYCLE] [org.gradle.BuildResultLogger] 
18:42:00.187 [LIFECYCLE] [org.gradle.BuildResultLogger] BUILD FAILED
18:42:00.192 [LIFECYCLE] [org.gradle.BuildResultLogger] 
18:42:00.196 [LIFECYCLE] [org.gradle.BuildResultLogger] Total time: 14.75 secs
18:42:00.236 [DEBUG] [org.gradle.cache.internal.DefaultCacheAccess] Cache task history cache (D:\software\gradle-2.13\My_Project\.gradle\2.13\taskArtifacts) was closed 0 times.
18:42:00.244 [DEBUG] [org.gradle.api.internal.artifacts.ivyservice.resolveengine.store.CachedStoreFactory] Resolution result cache closed. Cache reads: 0, disk reads: 0 (avg: 0.0 secs, total: 0.0 secs)
18:42:00.251 [DEBUG] [org.gradle.api.internal.artifacts.ivyservice.resolveengine.store.CachedStoreFactory] Resolution result cache closed. Cache reads: 0, disk reads: 0 (avg: 0.0 secs, total: 0.0 secs)
18:42:00.257 [DEBUG] [org.gradle.api.internal.artifacts.ivyservice.resolveengine.store.ResolutionResultsStoreFactory] Deleted 2 resolution results binary files in 0.014 secs
18:42:00.263 [DEBUG] [org.gradle.api.internal.artifacts.ivyservice.ivyresolve.memcache.InMemoryCachedRepositoryFactory] In-memory dependency metadata cache closed. Repos cached: 3, cache instances: 3, modules served from cache: 0, artifacts: 0
18:42:00.269 [DEBUG] [org.gradle.cache.internal.DefaultCacheAccess] Cache Generated Gradle JARs cache (C:\Users\118223\.gradle\caches\2.13\generated-gradle-jars) was closed 0 times.
18:42:00.276 [DEBUG] [org.gradle.cache.internal.btree.BTreePersistentIndexedCache] Closing cache artifact-at-repository.bin (C:\Users\118223\.gradle\caches\modules-2\metadata-2.16\artifact-at-repository.bin)
18:42:00.282 [DEBUG] [org.gradle.cache.internal.btree.BTreePersistentIndexedCache] Closing cache module-metadata.bin (C:\Users\118223\.gradle\caches\modules-2\metadata-2.16\module-metadata.bin)
18:42:00.288 [DEBUG] [org.gradle.cache.internal.btree.BTreePersistentIndexedCache] Closing cache module-versions.bin (C:\Users\118223\.gradle\caches\modules-2\metadata-2.16\module-versions.bin)
18:42:00.295 [DEBUG] [org.gradle.cache.internal.DefaultFileLockManager] Releasing lock on artifact cache (C:\Users\118223\.gradle\caches\modules-2).
18:42:00.301 [DEBUG] [org.gradle.cache.internal.btree.BTreePersistentIndexedCache] Closing cache plugin-use-metadata.bin (C:\Users\118223\.gradle\caches\2.13\plugin-resolution\plugin-use-metadata.bin)
18:42:00.307 [DEBUG] [org.gradle.cache.internal.DefaultFileLockManager] Releasing lock on Plugin Resolution Cache (C:\Users\118223\.gradle\caches\2.13\plugin-resolution).
