12:47:39.367 [QUIET] [system.out] [36m___________________________________________  
12:47:39.385 [QUIET] [system.out] 	Username: som@congizant.com           
12:47:39.389 [QUIET] [system.out] 	Login type: login
12:47:39.394 [QUIET] [system.out] ___________________________________________  
12:47:39.399 [QUIET] [system.out] [0m
12:47:39.412 [DEBUG] [org.gradle.api.Task] after show credentials
12:47:39.443 [DEBUG] [org.gradle.api.Task] Finished load credential
12:47:39.443 [DEBUG] [org.gradle.api.Task] Created directory at: D:\software\gradle-2.13\My_Project\build
12:47:40.701 [ERROR] [org.gradle.api.Task] Failed execute task
12:47:40.716 [DEBUG] [org.gradle.api.internal.tasks.execution.ExecuteAtMostOnceTaskExecuter] Finished executing task ':retrieve'
12:47:40.716 [LIFECYCLE] [class org.gradle.TaskExecutionLogger] :retrieve FAILED
12:47:40.716 [INFO] [org.gradle.execution.taskgraph.AbstractTaskPlanExecutor] :retrieve (Thread[main,5,main]) completed. Took 2.98 secs.
12:47:40.732 [DEBUG] [org.gradle.execution.taskgraph.AbstractTaskPlanExecutor] Task worker [Thread[main,5,main]] finished, busy: 2.98 secs, idle: 0.016 secs
12:47:40.747 [ERROR] [org.gradle.BuildExceptionReporter] 
12:47:40.763 [ERROR] [org.gradle.BuildExceptionReporter] FAILURE: Build failed with an exception.
12:47:40.779 [ERROR] [org.gradle.BuildExceptionReporter] 
12:47:40.779 [ERROR] [org.gradle.BuildExceptionReporter] * What went wrong:
12:47:40.794 [ERROR] [org.gradle.BuildExceptionReporter] Execution failed for task ':retrieve'.
12:47:40.794 [ERROR] [org.gradle.BuildExceptionReporter] > Failed to send request to https://login.salesforce.com/services/Soap/u/32.0
12:47:40.810 [ERROR] [org.gradle.BuildExceptionReporter] 
12:47:40.810 [ERROR] [org.gradle.BuildExceptionReporter] * Try:
12:47:40.810 [ERROR] [org.gradle.BuildExceptionReporter] Run with --stacktrace option to get the stack trace. 
12:47:40.825 [LIFECYCLE] [org.gradle.BuildResultLogger] 
12:47:40.825 [LIFECYCLE] [org.gradle.BuildResultLogger] BUILD FAILED
12:47:40.841 [LIFECYCLE] [org.gradle.BuildResultLogger] 
12:47:40.841 [LIFECYCLE] [org.gradle.BuildResultLogger] Total time: 23.074 secs
12:47:40.856 [DEBUG] [org.gradle.cache.internal.DefaultCacheAccess] Cache task history cache (D:\software\gradle-2.13\My_Project\.gradle\2.13\taskArtifacts) was closed 0 times.
12:47:40.856 [DEBUG] [org.gradle.cache.internal.DefaultCacheAccess] Cache Generated Gradle JARs cache (C:\Users\118223\.gradle\caches\2.13\generated-gradle-jars) was closed 0 times.
12:47:40.872 [DEBUG] [org.gradle.cache.internal.btree.BTreePersistentIndexedCache] Closing cache module-metadata.bin (C:\Users\118223\.gradle\caches\modules-2\metadata-2.16\module-metadata.bin)
12:47:40.872 [DEBUG] [org.gradle.cache.internal.btree.BTreePersistentIndexedCache] Closing cache module-versions.bin (C:\Users\118223\.gradle\caches\modules-2\metadata-2.16\module-versions.bin)
12:47:40.887 [DEBUG] [org.gradle.cache.internal.btree.BTreePersistentIndexedCache] Closing cache artifact-at-repository.bin (C:\Users\118223\.gradle\caches\modules-2\metadata-2.16\artifact-at-repository.bin)
12:47:40.887 [DEBUG] [org.gradle.cache.internal.DefaultFileLockManager] Releasing lock on artifact cache (C:\Users\118223\.gradle\caches\modules-2).
12:47:40.903 [DEBUG] [org.gradle.api.internal.artifacts.ivyservice.resolveengine.store.CachedStoreFactory] Resolution result cache closed. Cache reads: 0, disk reads: 0 (avg: 0.0 secs, total: 0.0 secs)
12:47:40.918 [DEBUG] [org.gradle.api.internal.artifacts.ivyservice.resolveengine.store.CachedStoreFactory] Resolution result cache closed. Cache reads: 0, disk reads: 0 (avg: 0.0 secs, total: 0.0 secs)
12:47:40.918 [DEBUG] [org.gradle.api.internal.artifacts.ivyservice.resolveengine.store.ResolutionResultsStoreFactory] Deleted 2 resolution results binary files in 0.015 secs
12:47:40.934 [DEBUG] [org.gradle.api.internal.artifacts.ivyservice.ivyresolve.memcache.InMemoryCachedRepositoryFactory] In-memory dependency metadata cache closed. Repos cached: 3, cache instances: 3, modules served from cache: 0, artifacts: 0
12:47:40.934 [DEBUG] [org.gradle.cache.internal.btree.BTreePersistentIndexedCache] Closing cache plugin-use-metadata.bin (C:\Users\118223\.gradle\caches\2.13\plugin-resolution\plugin-use-metadata.bin)
12:47:40.949 [DEBUG] [org.gradle.cache.internal.DefaultFileLockManager] Releasing lock on Plugin Resolution Cache (C:\Users\118223\.gradle\caches\2.13\plugin-resolution).
