
[36m___________________________________________  
	Username: somnath.yadav@cardinalhealth.com.dev           
	Login type: test
___________________________________________  
[0m
Deploying truncated code

Process status: Pending...
Process status: Pending...
Process status: Pending...
Process status: Pending...
Process status: Pending...
Process status: Pending...
Process status: Pending...
Process status: Pending...
Process status: Pending...[==================================================]   5/5(100%)
Truncated code were successfully deployed

Starting deploy

Process status: Pending...
Process status: Pending...
Process status: Pending...[==================================================]   5/5(100%)
Code were successfully deployed


BUILD SUCCESSFUL

Total time: 2 mins 43.897 secs

This build could be faster, please consider using the Gradle Daemon: https://docs.gradle.org/2.13/userguide/gradle_daemon.html
